22-04-2020 17:19:06.768 [main] INFO  com.dgtd.Starter.logStarting - Starting Starter on PC-RRO with PID 22948 (E:\BO_RDC\starter\target\classes started by r.roussel in E:\BO_RDC)
22-04-2020 17:19:06.777 [main] INFO  com.dgtd.Starter.logStartupProfileInfo - The following profiles are active: dev
22-04-2020 17:19:08.630 [main] INFO  o.a.catalina.core.StandardService.log - Starting service [Tomcat]
22-04-2020 17:19:08.630 [main] INFO  o.a.catalina.core.StandardEngine.log - Starting Servlet engine: [Apache Tomcat/9.0.21]
22-04-2020 17:19:08.788 [main] INFO  o.a.c.c.C.[.[localhost].[/api].log - Initializing Spring embedded WebApplicationContext
22-04-2020 17:19:10.365 [main] INFO  com.zaxxer.hikari.HikariDataSource.getConnection - HikariPool-1 - Starting...
22-04-2020 17:19:10.525 [main] INFO  com.zaxxer.hikari.HikariDataSource.getConnection - HikariPool-1 - Start completed.
22-04-2020 17:19:11.262 [main] INFO  s.d.s.w.PropertySourcedRequestMappingHandlerMapping.initHandlerMethods - Mapped URL path [/v2/api-docs] onto method [public org.springframework.http.ResponseEntity<springfox.documentation.spring.web.json.Json> springfox.documentation.swagger2.web.Swagger2Controller.getDocumentation(java.lang.String,javax.servlet.http.HttpServletRequest)]
22-04-2020 17:19:11.822 [main] INFO  s.d.s.w.p.DocumentationPluginsBootstrapper.start - Context refreshed
22-04-2020 17:19:11.966 [main] INFO  s.d.s.w.p.DocumentationPluginsBootstrapper.start - Found 1 custom documentation plugin(s)
22-04-2020 17:19:11.996 [main] INFO  s.d.s.w.s.ApiListingReferenceScanner.scan - Scanning for api listing references
22-04-2020 17:19:12.286 [scheduling-1] DEBUG c.dgtd.evelin.watcher.SynchroEvelin.synchroniseECW - -- Debut de la synchronisation CityWeb/Evelin :2020-04-22_17:19:12
22-04-2020 17:19:12.316 [main] INFO  com.dgtd.Starter.logStarted - Started Starter in 6.171 seconds (JVM running for 7.567)
22-04-2020 17:19:13.503 [scheduling-1] DEBUG c.d.e.n.StandardActeNaissance.generatePersons - construction XML de FATHER
22-04-2020 17:19:13.504 [scheduling-1] DEBUG c.d.e.n.StandardActeNaissance.generatePersons - construction XML de MOTHER
22-04-2020 17:19:13.507 [scheduling-1] DEBUG c.d.e.n.StandardActeNaissance.generateECW - Intégration des données du transfert vers Evelin dans la table Enfant 
22-04-2020 17:19:13.532 [scheduling-1] INFO  c.d.e.n.StandardActeNaissance.generateECW - ***** Enregistrement sur serveur de l'ECW correspondant à l'enfant n° 881826
22-04-2020 17:19:14.351 [scheduling-1] DEBUG c.d.e.n.StandardActeNaissance.generatePersons - construction XML de FATHER
22-04-2020 17:19:14.352 [scheduling-1] DEBUG c.d.e.n.StandardActeNaissance.generatePersons - construction XML de MOTHER
22-04-2020 17:19:14.354 [scheduling-1] DEBUG c.d.e.n.StandardActeNaissance.generateECW - Intégration des données du transfert vers Evelin dans la table Enfant 
22-04-2020 17:19:14.357 [scheduling-1] INFO  c.d.e.n.StandardActeNaissance.generateECW - ***** Enregistrement sur serveur de l'ECW correspondant à l'enfant n° 887058
22-04-2020 17:19:15.172 [scheduling-1] DEBUG c.d.e.n.StandardActeNaissance.generatePersons - construction XML de FATHER
22-04-2020 17:19:15.173 [scheduling-1] DEBUG c.d.e.n.StandardActeNaissance.generatePersons - construction XML de MOTHER
22-04-2020 17:19:15.175 [scheduling-1] DEBUG c.d.e.n.StandardActeNaissance.generateECW - Intégration des données du transfert vers Evelin dans la table Enfant 
22-04-2020 17:19:15.179 [scheduling-1] INFO  c.d.e.n.StandardActeNaissance.generateECW - ***** Enregistrement sur serveur de l'ECW correspondant à l'enfant n° 880438
